<?xml version="1.0" encoding="UTF-8"?>
<!-- Generated by org.testng.reporters.JUnitXMLReporter -->
<testsuite ignored="0" hostname="LAPTOP-HD2RSVAT" failures="0" tests="4" name="Test" time="36.141" errors="0" timestamp="04 Aug 2020 19:11:11 GMT">
  <testcase classname="Assessment.SmallCase.Scenerio2" name="@BeforeTest initialize" time="29.97">
    <failure type="org.openqa.selenium.WebDriverException" message="chrome not reachable
  (Session info: chrome=84.0.4147.105)
Build info: version: &amp;apos;3.141.59&amp;apos;, revision: &amp;apos;e82be7d358&amp;apos;, time: &amp;apos;2018-11-14T08:17:03&amp;apos;
System info: host: &amp;apos;LAPTOP-HD2RSVAT&amp;apos;, ip: &amp;apos;192.168.29.234&amp;apos;, os.name: &amp;apos;Windows 10&amp;apos;, os.arch: &amp;apos;amd64&amp;apos;, os.version: &amp;apos;10.0&amp;apos;, java.version: &amp;apos;14.0.1&amp;apos;
Driver info: org.openqa.selenium.chrome.ChromeDriver
Capabilities {acceptInsecureCerts: false, browserName: chrome, browserVersion: 84.0.4147.105, chrome: {chromedriverVersion: 83.0.4103.39 (ccbf011cb2d2b..., userDataDir: C:\Users\sishu\AppData\Loca...}, goog:chromeOptions: {debuggerAddress: localhost:7312}, javascriptEnabled: true, networkConnectionEnabled: false, pageLoadStrategy: normal, platform: WINDOWS, platformName: WINDOWS, proxy: Proxy(), setWindowRect: true, strictFileInteractability: false, timeouts: {implicit: 0, pageLoad: 300000, script: 30000}, unhandledPromptBehavior: dismiss and notify, webauthn:virtualAuthenticators: true}
Session ID: 3ba24554baefe75eaf1313eddc99cf94
*** Element info: {Using=css selector, value=._2AkmmA._29YdH8}">
      <![CDATA[org.openqa.selenium.WebDriverException: chrome not reachable
  (Session info: chrome=84.0.4147.105)
Build info: version: '3.141.59', revision: 'e82be7d358', time: '2018-11-14T08:17:03'
System info: host: 'LAPTOP-HD2RSVAT', ip: '192.168.29.234', os.name: 'Windows 10', os.arch: 'amd64', os.version: '10.0', java.version: '14.0.1'
Driver info: org.openqa.selenium.chrome.ChromeDriver
Capabilities {acceptInsecureCerts: false, browserName: chrome, browserVersion: 84.0.4147.105, chrome: {chromedriverVersion: 83.0.4103.39 (ccbf011cb2d2b..., userDataDir: C:\Users\sishu\AppData\Loca...}, goog:chromeOptions: {debuggerAddress: localhost:7312}, javascriptEnabled: true, networkConnectionEnabled: false, pageLoadStrategy: normal, platform: WINDOWS, platformName: WINDOWS, proxy: Proxy(), setWindowRect: true, strictFileInteractability: false, timeouts: {implicit: 0, pageLoad: 300000, script: 30000}, unhandledPromptBehavior: dismiss and notify, webauthn:virtualAuthenticators: true}
Session ID: 3ba24554baefe75eaf1313eddc99cf94
*** Element info: {Using=css selector, value=._2AkmmA._29YdH8}
at org.openqa.selenium.remote.http.W3CHttpResponseCodec.createException(W3CHttpResponseCodec.java:187)
at org.openqa.selenium.remote.http.W3CHttpResponseCodec.decode(W3CHttpResponseCodec.java:122)
at org.openqa.selenium.remote.http.W3CHttpResponseCodec.decode(W3CHttpResponseCodec.java:49)
at org.openqa.selenium.remote.HttpCommandExecutor.execute(HttpCommandExecutor.java:158)
at org.openqa.selenium.remote.service.DriverCommandExecutor.execute(DriverCommandExecutor.java:83)
at org.openqa.selenium.remote.RemoteWebDriver.execute(RemoteWebDriver.java:552)
at org.openqa.selenium.remote.RemoteWebDriver.findElement(RemoteWebDriver.java:323)
at org.openqa.selenium.remote.RemoteWebDriver.findElementByCssSelector(RemoteWebDriver.java:420)
at org.openqa.selenium.By$ByCssSelector.findElement(By.java:431)
at org.openqa.selenium.remote.RemoteWebDriver.findElement(RemoteWebDriver.java:315)
at com.Flipkart_ObjectRepository.HomePage.closePopupButton(HomePage.java:24)
at Assessment.SmallCase.Scenerio1.search_Product(Scenerio1.java:40)
at Assessment.SmallCase.Scenerio2.initialize(Scenerio2.java:19)
... Removed 33 stack frames]]>
    </failure>
  </testcase> <!-- @BeforeTest initialize -->
  <testcase classname="Assessment.SmallCase.Scenerio1" name="@AfterTest teardown" time="0.0">
    <skipped/>
  </testcase> <!-- @AfterTest teardown -->
  <testcase classname="Assessment.SmallCase.Scenerio1" name="search_Product" time="0.0">
    <skipped/>
  </testcase> <!-- search_Product -->
  <testcase classname="Assessment.SmallCase.Scenerio1" name="products_Screen" time="0.0">
    <skipped/>
  </testcase> <!-- products_Screen -->
  <testcase classname="Assessment.SmallCase.Scenerio1" name="add_Item_to_Cart" time="0.0">
    <skipped/>
  </testcase> <!-- add_Item_to_Cart -->
  <testcase classname="Assessment.SmallCase.Scenerio1" name="cart_Screen" time="0.0">
    <skipped/>
  </testcase> <!-- cart_Screen -->
</testsuite> <!-- Test -->
